# JRE version: Java(TM) SE Runtime Environment (8.0_181-b13) (build 1.8.0_181-b13)
# Java VM: Java HotSpot(TM) Client VM (25.181-b13 mixed mode windows-x86 )
Heap:
 def new generation   total 4928K, used 3899K [0x04a00000, 0x04f50000, 0x09f50000)
  eden space 4416K,  88% used [0x04a00000, 0x04dcb988, 0x04e50000)
  from space 512K,   2% used [0x04e50000, 0x04e53520, 0x04ed0000)
  to   space 512K,   0% used [0x04ed0000, 0x04ed0000, 0x04f50000)
 tenured generation   total 10944K, used 729K [0x09f50000, 0x0aa00000, 0x14a00000)
   the space 10944K,   6% used [0x09f50000, 0x0a006408, 0x0a006600, 0x0aa00000)
 Metaspace       used 2374K, capacity 2696K, committed 2752K, reserved 4480K
GC Heap History (10 events):
Event: 22.401 GC heap before
{Heap before GC invocations=83 (full 0):
 def new generation   total 4928K, used 4427K [0x04a00000, 0x04f50000, 0x09f50000)
  eden space 4416K, 100% used [0x04a00000, 0x04e50000, 0x04e50000)
  from space 512K,   2% used [0x04ed0000, 0x04ed2c90, 0x04f50000)
  to   space 512K,   0% used [0x04e50000, 0x04e50000, 0x04ed0000)
 tenured generation   total 10944K, used 725K [0x09f50000, 0x0aa00000, 0x14a00000)
   the space 10944K,   6% used [0x09f50000, 0x0a005688, 0x0a005800, 0x0aa00000)
 Metaspace       used 2373K, capacity 2696K, committed 2752K, reserved 4480K
Event: 22.402 GC heap after
Heap after GC invocations=84 (full 0):
 def new generation   total 4928K, used 10K [0x04a00000, 0x04f50000, 0x09f50000)
  eden space 4416K,   0% used [0x04a00000, 0x04a00000, 0x04e50000)
  from space 512K,   2% used [0x04e50000, 0x04e52ba8, 0x04ed0000)
  to   space 512K,   0% used [0x04ed0000, 0x04ed0000, 0x04f50000)
 tenured generation   total 10944K, used 727K [0x09f50000, 0x0aa00000, 0x14a00000)
   the space 10944K,   6% used [0x09f50000, 0x0a005c08, 0x0a005e00, 0x0aa00000)
 Metaspace       used 2373K, capacity 2696K, committed 2752K, reserved 4480K
}
Event: 22.569 GC heap before
{Heap before GC invocations=84 (full 0):
 def new generation   total 4928K, used 4426K [0x04a00000, 0x04f50000, 0x09f50000)
  eden space 4416K, 100% used [0x04a00000, 0x04e50000, 0x04e50000)
  from space 512K,   2% used [0x04e50000, 0x04e52ba8, 0x04ed0000)
  to   space 512K,   0% used [0x04ed0000, 0x04ed0000, 0x04f50000)
 tenured generation   total 10944K, used 727K [0x09f50000, 0x0aa00000, 0x14a00000)
   the space 10944K,   6% used [0x09f50000, 0x0a005c08, 0x0a005e00, 0x0aa00000)
 Metaspace       used 2373K, capacity 2696K, committed 2752K, reserved 4480K
Event: 22.569 GC heap after
Heap after GC invocations=85 (full 0):
 def new generation   total 4928K, used 9K [0x04a00000, 0x04f50000, 0x09f50000)
  eden space 4416K,   0% used [0x04a00000, 0x04a00000, 0x04e50000)
  from space 512K,   1% used [0x04ed0000, 0x04ed27d0, 0x04f50000)
  to   space 512K,   0% used [0x04e50000, 0x04e50000, 0x04ed0000)
 tenured generation   total 10944K, used 728K [0x09f50000, 0x0aa00000, 0x14a00000)
   the space 10944K,   6% used [0x09f50000, 0x0a006088, 0x0a006200, 0x0aa00000)
 Metaspace       used 2373K, capacity 2696K, committed 2752K, reserved 4480K
}
Event: 22.734 GC heap before
{Heap before GC invocations=85 (full 0):
 def new generation   total 4928K, used 4425K [0x04a00000, 0x04f50000, 0x09f50000)
  eden space 4416K, 100% used [0x04a00000, 0x04e50000, 0x04e50000)
  from space 512K,   1% used [0x04ed0000, 0x04ed27d0, 0x04f50000)
  to   space 512K,   0% used [0x04e50000, 0x04e50000, 0x04ed0000)
 tenured generation   total 10944K, used 728K [0x09f50000, 0x0aa00000, 0x14a00000)
   the space 10944K,   6% used [0x09f50000, 0x0a006088, 0x0a006200, 0x0aa00000)
 Metaspace       used 2373K, capacity 2696K, committed 2752K, reserved 4480K
Event: 22.734 GC heap after
Heap after GC invocations=86 (full 0):
 def new generation   total 4928K, used 10K [0x04a00000, 0x04f50000, 0x09f50000)
  eden space 4416K,   0% used [0x04a00000, 0x04a00000, 0x04e50000)
  from space 512K,   1% used [0x04e50000, 0x04e528f0, 0x04ed0000)
  to   space 512K,   0% used [0x04ed0000, 0x04ed0000, 0x04f50000)
 tenured generation   total 10944K, used 728K [0x09f50000, 0x0aa00000, 0x14a00000)
   the space 10944K,   6% used [0x09f50000, 0x0a006248, 0x0a006400, 0x0aa00000)
 Metaspace       used 2373K, capacity 2696K, committed 2752K, reserved 4480K
}
Event: 22.893 GC heap before
{Heap before GC invocations=86 (full 0):
 def new generation   total 4928K, used 4426K [0x04a00000, 0x04f50000, 0x09f50000)
  eden space 4416K, 100% used [0x04a00000, 0x04e50000, 0x04e50000)
  from space 512K,   1% used [0x04e50000, 0x04e528f0, 0x04ed0000)
  to   space 512K,   0% used [0x04ed0000, 0x04ed0000, 0x04f50000)
 tenured generation   total 10944K, used 728K [0x09f50000, 0x0aa00000, 0x14a00000)
   the space 10944K,   6% used [0x09f50000, 0x0a006248, 0x0a006400, 0x0aa00000)
 Metaspace       used 2373K, capacity 2696K, committed 2752K, reserved 4480K
Event: 22.893 GC heap after
Heap after GC invocations=87 (full 0):
 def new generation   total 4928K, used 12K [0x04a00000, 0x04f50000, 0x09f50000)
  eden space 4416K,   0% used [0x04a00000, 0x04a00000, 0x04e50000)
  from space 512K,   2% used [0x04ed0000, 0x04ed3070, 0x04f50000)
  to   space 512K,   0% used [0x04e50000, 0x04e50000, 0x04ed0000)
 tenured generation   total 10944K, used 728K [0x09f50000, 0x0aa00000, 0x14a00000)
   the space 10944K,   6% used [0x09f50000, 0x0a006288, 0x0a006400, 0x0aa00000)
 Metaspace       used 2373K, capacity 2696K, committed 2752K, reserved 4480K
}
Event: 23.051 GC heap before
{Heap before GC invocations=87 (full 0):
 def new generation   total 4928K, used 4428K [0x04a00000, 0x04f50000, 0x09f50000)
  eden space 4416K, 100% used [0x04a00000, 0x04e50000, 0x04e50000)
  from space 512K,   2% used [0x04ed0000, 0x04ed3070, 0x04f50000)
  to   space 512K,   0% used [0x04e50000, 0x04e50000, 0x04ed0000)
 tenured generation   total 10944K, used 728K [0x09f50000, 0x0aa00000, 0x14a00000)
   the space 10944K,   6% used [0x09f50000, 0x0a006288, 0x0a006400, 0x0aa00000)
 Metaspace       used 2373K, capacity 2696K, committed 2752K, reserved 4480K
Event: 23.051 GC heap after
Heap after GC invocations=88 (full 0):
 def new generation   total 4928K, used 13K [0x04a00000, 0x04f50000, 0x09f50000)
  eden space 4416K,   0% used [0x04a00000, 0x04a00000, 0x04e50000)
  from space 512K,   2% used [0x04e50000, 0x04e53520, 0x04ed0000)
  to   space 512K,   0% used [0x04ed0000, 0x04ed0000, 0x04f50000)
 tenured generation   total 10944K, used 729K [0x09f50000, 0x0aa00000, 0x14a00000)
   the space 10944K,   6% used [0x09f50000, 0x0a006408, 0x0a006600, 0x0aa00000)
 Metaspace       used 2373K, capacity 2696K, committed 2752K, reserved 4480K
}

